<?xml version="1.0" encoding="UTF-8"?>
<testsuite xmlns:xsi="http://www.w3.org/2001/XMLSchema-instance" xsi:noNamespaceSchemaLocation="https://maven.apache.org/surefire/maven-surefire-plugin/xsd/surefire-test-report-3.0.xsd" version="3.0" name="com.orioninc.binarysearch.BinarySearchTreeTest" time="0.026" tests="7" errors="0" skipped="0" failures="0">
  <properties>
[...]
</properties>
  <testcase name="checkDoesDuplicatesCalcWorksReturnTrue" classname="com.orioninc.binarysearch.BinarySearchTreeTest" time="0.003"/>
  <testcase name="checkDoesDuplicatesPositionStoreReturnFalse" classname="com.orioninc.binarysearch.BinarySearchTreeTest" time="0.006"/>
  <testcase name="checkDoesBSTSearchWorksReturnsTrue" classname="com.orioninc.binarysearch.BinarySearchTreeTest" time="0.001"/>
  <testcase name="checkDoesBSTSearchWorksReturnsFalse" classname="com.orioninc.binarysearch.BinarySearchTreeTest" time="0.002"/>
  <testcase name="checkDoesDuplicatesPositionStoreReturnTrue" classname="com.orioninc.binarysearch.BinarySearchTreeTest" time="0.002"/>
  <testcase name="checkDoesDuplicatesCalcWorksReturnFalse" classname="com.orioninc.binarysearch.BinarySearchTreeTest" time="0.003"/>
  <testcase name="checkDoesBSTSearchFailsInEmptyTreeReturnsFalse" classname="com.orioninc.binarysearch.BinarySearchTreeTest" time="0.001"/>
</testsuite>